2020-09-28 16:11:42,109 P1564 INFO Start the demo...
2020-09-28 16:11:42,110 P1564 INFO {
    "model_id": "DCN",
    "dataset_id": "ml1m-20200928-161142",
    "train_data": "../data/Movielens1M/Movielens1M_x0/train.csv",
    "valid_data": "../data/Movielens1M/Movielens1M_x0/test.csv",
    "test_data": "../data/Movielens1M/Movielens1M_x0/test.csv",
    "model_dir": "../checkpoints/",
    "embedding_dim": "64",
    "embedding_regularizer": "0.01",
    "kernel_regularizer": "0",
    "hidden_units": "[500, 500, 500, 500]",
    "hidden_activations": "relu",
    "learning_rate": "0.001",
    "dropout_rates": "0",
    "batch_norm": "False",
    "optimizer": "adam",
    "task": "classification",
    "loss": "binary_crossentropy",
    "metrics": "['logloss', 'AUC']",
    "min_categr_count": "10",
    "batch_size": "10000",
    "epochs": "50",
    "shuffle": "True",
    "seed": "2019",
    "monitor": "AUC",
    "monitor_mode": "max",
    "use_hdf5": "True",
    "patience": "2",
    "workers": "1",
    "verbose": "0",
    "version": "pytorch",
    "gpu": "-1"
}
2020-09-28 16:11:42,115 P1564 INFO Set up feature encoder...
2020-09-28 16:11:42,115 P1564 INFO Reading file: ../data/Movielens1M/Movielens1M_x0/train.csv
2020-09-28 16:11:43,066 P1564 INFO Preprocess feature columns...
2020-09-28 16:11:43,261 P1564 INFO Fit feature encoder...
2020-09-28 16:11:43,767 P1564 INFO Setting feature index.
2020-09-28 16:11:43,768 P1564 INFO Set feature encoder done.
2020-09-28 16:11:43,797 P1564 INFO Pickle feature encode to file: ../checkpoints/ml1m-20200928-161142\feature_encoder.pkl
2020-09-28 16:11:43,807 P1564 INFO Loading data...
2020-09-28 16:11:43,842 P1564 INFO Reading file: ../data/Movielens1M/Movielens1M_x0/train.csv
2020-09-28 16:11:44,682 P1564 INFO Preprocess feature columns...
2020-09-28 16:11:44,858 P1564 INFO Transform feature encoder...
2020-09-28 16:11:45,696 P1564 INFO Saving data to ../checkpoints/ml1m-20200928-161142\train.hdf5
2020-09-28 16:11:45,858 P1564 INFO Reading file: ../data/Movielens1M/Movielens1M_x0/test.csv
2020-09-28 16:11:46,211 P1564 INFO Preprocess feature columns...
2020-09-28 16:11:46,259 P1564 INFO Transform feature encoder...
2020-09-28 16:11:46,459 P1564 INFO Saving data to ../checkpoints/ml1m-20200928-161142\test.hdf5
2020-09-28 16:11:46,477 P1564 INFO Train samples: total/589667 pos/466606 neg/123061 ratio/79.13%
2020-09-28 16:11:46,479 P1564 INFO Validation samples: total/147386 pos/107650 neg/39736 ratio/73.04%
2020-09-28 16:11:46,480 P1564 INFO Loading data from ../checkpoints/ml1m-20200928-161142\test.hdf5
2020-09-28 16:11:46,487 P1564 INFO Test samples: total/147386 pos/107650 neg/39736 ratio/73.04%
2020-09-28 16:11:46,488 P1564 INFO Loading data done.
2020-09-28 16:11:46,538 P1564 INFO **** Start training: 59 batches/epoch ****
2020-09-28 16:13:23,928 P1564 INFO [Metrics] logloss: 0.424229 - AUC: 0.837170
2020-09-28 16:13:23,940 P1564 INFO Save best model: monitor(max): 0.837170
2020-09-28 16:13:23,972 P1564 INFO --- 59/59 batches finished ---
2020-09-28 16:13:25,460 P1564 INFO Train loss: 0.481645
2020-09-28 16:13:25,461 P1564 INFO ************ Epoch=1 end ************
2020-09-28 16:14:54,898 P1564 INFO [Metrics] logloss: 0.404165 - AUC: 0.851304
2020-09-28 16:14:54,911 P1564 INFO Save best model: monitor(max): 0.851304
2020-09-28 16:14:54,949 P1564 INFO --- 59/59 batches finished ---
2020-09-28 16:14:56,469 P1564 INFO Train loss: 0.418712
2020-09-28 16:14:56,469 P1564 INFO ************ Epoch=2 end ************
2020-09-28 16:16:26,787 P1564 INFO [Metrics] logloss: 0.393804 - AUC: 0.861351
2020-09-28 16:16:26,799 P1564 INFO Save best model: monitor(max): 0.861351
2020-09-28 16:16:26,804 P1564 INFO --- 59/59 batches finished ---
2020-09-28 16:16:28,302 P1564 INFO Train loss: 0.409241
2020-09-28 16:16:28,304 P1564 INFO ************ Epoch=3 end ************
