2023-06-09 09:55:57,531 P323 INFO Start the demo...
2023-06-09 09:55:57,531 P323 INFO {
    "model_id": "DeepFM",
    "dataset_id": "ml1m-20230609-095557",
    "train_data": "../data/Movielens1M/Movielens1M_x0/train.csv",
    "valid_data": "../data/Movielens1M/Movielens1M_x0/test.csv",
    "test_data": "../data/Movielens1M/Movielens1M_x0/test.csv",
    "model_dir": "../checkpoints/",
    "embedding_dim": "64",
    "embedding_regularizer": "0.01",
    "kernel_regularizer": "0",
    "hidden_units": "[500, 500, 500, 500]",
    "hidden_activations": "relu",
    "learning_rate": "0.001",
    "dropout_rates": "0",
    "batch_norm": "False",
    "optimizer": "adam",
    "task": "classification",
    "loss": "binary_crossentropy",
    "metrics": "['logloss', 'AUC']",
    "min_categr_count": "10",
    "batch_size": "10000",
    "epochs": "50",
    "shuffle": "True",
    "seed": "2019",
    "monitor": "AUC",
    "monitor_mode": "max",
    "use_hdf5": "True",
    "patience": "2",
    "workers": "1",
    "verbose": "0",
    "version": "pytorch",
    "gpu": "0"
}
2023-06-09 09:55:57,532 P323 INFO Set up feature encoder...
2023-06-09 09:55:57,532 P323 INFO Reading file: ../data/Movielens1M/Movielens1M_x0/train.csv
2023-06-09 09:55:57,892 P323 INFO Preprocess feature columns...
2023-06-09 09:55:58,043 P323 INFO Fit feature encoder...
2023-06-09 09:55:58,334 P323 INFO Setting feature index.
2023-06-09 09:55:58,335 P323 INFO Set feature encoder done.
2023-06-09 09:55:58,337 P323 INFO Pickle feature encode to file: ../checkpoints/ml1m-20230609-095557/feature_encoder.pkl
2023-06-09 09:55:58,344 P323 INFO Loading data...
2023-06-09 09:55:58,345 P323 INFO Reading file: ../data/Movielens1M/Movielens1M_x0/train.csv
2023-06-09 09:55:58,685 P323 INFO Preprocess feature columns...
2023-06-09 09:55:58,815 P323 INFO Transform feature encoder...
2023-06-09 09:55:59,280 P323 INFO Saving data to ../checkpoints/ml1m-20230609-095557/train.hdf5
2023-06-09 09:55:59,313 P323 INFO Reading file: ../data/Movielens1M/Movielens1M_x0/test.csv
2023-06-09 09:55:59,393 P323 INFO Preprocess feature columns...
2023-06-09 09:55:59,421 P323 INFO Transform feature encoder...
2023-06-09 09:55:59,513 P323 INFO Saving data to ../checkpoints/ml1m-20230609-095557/test.hdf5
2023-06-09 09:55:59,525 P323 INFO Train samples: total/589667 pos/466606 neg/123061 ratio/79.13%
2023-06-09 09:55:59,526 P323 INFO Validation samples: total/147386 pos/107650 neg/39736 ratio/73.04%
2023-06-09 09:55:59,526 P323 INFO Loading data from ../checkpoints/ml1m-20230609-095557/test.hdf5
2023-06-09 09:55:59,529 P323 INFO Test samples: total/147386 pos/107650 neg/39736 ratio/73.04%
2023-06-09 09:55:59,529 P323 INFO Loading data done.
2023-06-09 09:55:59,601 P323 INFO **** Start training: 59 batches/epoch ****
2023-06-09 09:56:06,954 P323 INFO [Metrics] logloss: 0.441860 - AUC: 0.836985
2023-06-09 09:56:06,956 P323 INFO Save best model: monitor(max): 0.836985
2023-06-09 09:56:06,963 P323 INFO --- 59/59 batches finished ---
2023-06-09 09:56:07,108 P323 INFO Train loss: 0.458641
2023-06-09 09:56:07,108 P323 INFO ************ Epoch=1 end ************
2023-06-09 09:56:15,926 P323 INFO [Metrics] logloss: 0.404435 - AUC: 0.852785
2023-06-09 09:56:15,928 P323 INFO Save best model: monitor(max): 0.852785
2023-06-09 09:56:15,937 P323 INFO --- 59/59 batches finished ---
2023-06-09 09:56:16,151 P323 INFO Train loss: 0.389086
2023-06-09 09:56:16,151 P323 INFO ************ Epoch=2 end ************
2023-06-09 09:56:24,801 P323 INFO [Metrics] logloss: 0.395360 - AUC: 0.860630
2023-06-09 09:56:24,803 P323 INFO Save best model: monitor(max): 0.860630
2023-06-09 09:56:24,812 P323 INFO --- 59/59 batches finished ---
2023-06-09 09:56:24,961 P323 INFO Train loss: 0.377055
2023-06-09 09:56:24,961 P323 INFO ************ Epoch=3 end ************
2023-06-09 09:56:33,371 P323 INFO [Metrics] logloss: 0.387359 - AUC: 0.866524
2023-06-09 09:56:33,373 P323 INFO Save best model: monitor(max): 0.866524
2023-06-09 09:56:33,382 P323 INFO --- 59/59 batches finished ---
2023-06-09 09:56:33,550 P323 INFO Train loss: 0.372056
2023-06-09 09:56:33,551 P323 INFO ************ Epoch=4 end ************
2023-06-09 09:56:41,825 P323 INFO [Metrics] logloss: 0.384418 - AUC: 0.872193
2023-06-09 09:56:41,827 P323 INFO Save best model: monitor(max): 0.872193
2023-06-09 09:56:41,836 P323 INFO --- 59/59 batches finished ---
2023-06-09 09:56:42,033 P323 INFO Train loss: 0.366438
2023-06-09 09:56:42,033 P323 INFO ************ Epoch=5 end ************
2023-06-09 09:56:51,270 P323 INFO [Metrics] logloss: 0.380855 - AUC: 0.873341
2023-06-09 09:56:51,272 P323 INFO Save best model: monitor(max): 0.873341
2023-06-09 09:56:51,281 P323 INFO --- 59/59 batches finished ---
2023-06-09 09:56:51,458 P323 INFO Train loss: 0.362629
2023-06-09 09:56:51,458 P323 INFO ************ Epoch=6 end ************
2023-06-09 09:57:00,362 P323 INFO [Metrics] logloss: 0.375422 - AUC: 0.876161
2023-06-09 09:57:00,364 P323 INFO Save best model: monitor(max): 0.876161
2023-06-09 09:57:00,374 P323 INFO --- 59/59 batches finished ---
2023-06-09 09:57:00,555 P323 INFO Train loss: 0.359458
2023-06-09 09:57:00,555 P323 INFO ************ Epoch=7 end ************
2023-06-09 09:57:08,827 P323 INFO [Metrics] logloss: 0.372981 - AUC: 0.877818
2023-06-09 09:57:08,829 P323 INFO Save best model: monitor(max): 0.877818
2023-06-09 09:57:08,836 P323 INFO --- 59/59 batches finished ---
2023-06-09 09:57:08,989 P323 INFO Train loss: 0.354794
2023-06-09 09:57:08,989 P323 INFO ************ Epoch=8 end ************
2023-06-09 09:57:17,757 P323 INFO [Metrics] logloss: 0.370397 - AUC: 0.880069
2023-06-09 09:57:17,759 P323 INFO Save best model: monitor(max): 0.880069
2023-06-09 09:57:17,768 P323 INFO --- 59/59 batches finished ---
2023-06-09 09:57:17,941 P323 INFO Train loss: 0.352368
2023-06-09 09:57:17,941 P323 INFO ************ Epoch=9 end ************
2023-06-09 09:57:26,019 P323 INFO [Metrics] logloss: 0.367611 - AUC: 0.881396
2023-06-09 09:57:26,021 P323 INFO Save best model: monitor(max): 0.881396
2023-06-09 09:57:26,030 P323 INFO --- 59/59 batches finished ---
2023-06-09 09:57:26,178 P323 INFO Train loss: 0.350533
2023-06-09 09:57:26,178 P323 INFO ************ Epoch=10 end ************
2023-06-09 09:57:35,122 P323 INFO [Metrics] logloss: 0.366890 - AUC: 0.881761
2023-06-09 09:57:35,125 P323 INFO Save best model: monitor(max): 0.881761
2023-06-09 09:57:35,134 P323 INFO --- 59/59 batches finished ---
2023-06-09 09:57:35,305 P323 INFO Train loss: 0.349311
2023-06-09 09:57:35,306 P323 INFO ************ Epoch=11 end ************
2023-06-09 09:57:43,501 P323 INFO [Metrics] logloss: 0.366594 - AUC: 0.882647
2023-06-09 09:57:43,503 P323 INFO Save best model: monitor(max): 0.882647
2023-06-09 09:57:43,512 P323 INFO --- 59/59 batches finished ---
2023-06-09 09:57:43,695 P323 INFO Train loss: 0.346858
2023-06-09 09:57:43,695 P323 INFO ************ Epoch=12 end ************
2023-06-09 09:57:53,175 P323 INFO [Metrics] logloss: 0.366268 - AUC: 0.883369
2023-06-09 09:57:53,178 P323 INFO Save best model: monitor(max): 0.883369
2023-06-09 09:57:53,187 P323 INFO --- 59/59 batches finished ---
2023-06-09 09:57:53,348 P323 INFO Train loss: 0.345190
2023-06-09 09:57:53,349 P323 INFO ************ Epoch=13 end ************
2023-06-09 09:58:02,352 P323 INFO [Metrics] logloss: 0.364084 - AUC: 0.884181
2023-06-09 09:58:02,353 P323 INFO Save best model: monitor(max): 0.884181
2023-06-09 09:58:02,363 P323 INFO --- 59/59 batches finished ---
2023-06-09 09:58:02,544 P323 INFO Train loss: 0.343706
2023-06-09 09:58:02,544 P323 INFO ************ Epoch=14 end ************
2023-06-09 09:58:11,037 P323 INFO [Metrics] logloss: 0.362665 - AUC: 0.884764
2023-06-09 09:58:11,039 P323 INFO Save best model: monitor(max): 0.884764
2023-06-09 09:58:11,048 P323 INFO --- 59/59 batches finished ---
2023-06-09 09:58:11,230 P323 INFO Train loss: 0.340942
2023-06-09 09:58:11,230 P323 INFO ************ Epoch=15 end ************
2023-06-09 09:58:20,556 P323 INFO [Metrics] logloss: 0.364194 - AUC: 0.885059
2023-06-09 09:58:20,558 P323 INFO Save best model: monitor(max): 0.885059
2023-06-09 09:58:20,567 P323 INFO --- 59/59 batches finished ---
2023-06-09 09:58:20,739 P323 INFO Train loss: 0.340394
2023-06-09 09:58:20,740 P323 INFO ************ Epoch=16 end ************
2023-06-09 09:58:29,497 P323 INFO [Metrics] logloss: 0.365333 - AUC: 0.884508
2023-06-09 09:58:29,499 P323 INFO Monitor(max) STOP: 0.884508 !
2023-06-09 09:58:29,499 P323 INFO Reduce learning rate on plateau: 0.000100
2023-06-09 09:58:29,499 P323 INFO --- 59/59 batches finished ---
2023-06-09 09:58:29,679 P323 INFO Train loss: 0.337901
2023-06-09 09:58:29,680 P323 INFO ************ Epoch=17 end ************
2023-06-09 09:58:39,029 P323 INFO [Metrics] logloss: 0.360230 - AUC: 0.889892
2023-06-09 09:58:39,031 P323 INFO Save best model: monitor(max): 0.889892
2023-06-09 09:58:39,040 P323 INFO --- 59/59 batches finished ---
2023-06-09 09:58:39,209 P323 INFO Train loss: 0.307147
2023-06-09 09:58:39,209 P323 INFO ************ Epoch=18 end ************
2023-06-09 09:58:48,301 P323 INFO [Metrics] logloss: 0.360934 - AUC: 0.890806
2023-06-09 09:58:48,303 P323 INFO Save best model: monitor(max): 0.890806
2023-06-09 09:58:48,312 P323 INFO --- 59/59 batches finished ---
2023-06-09 09:58:48,568 P323 INFO Train loss: 0.291292
2023-06-09 09:58:48,569 P323 INFO ************ Epoch=19 end ************
2023-06-09 09:58:57,947 P323 INFO [Metrics] logloss: 0.362254 - AUC: 0.889795
2023-06-09 09:58:57,950 P323 INFO Monitor(max) STOP: 0.889795 !
2023-06-09 09:58:57,950 P323 INFO Reduce learning rate on plateau: 0.000010
2023-06-09 09:58:57,950 P323 INFO --- 59/59 batches finished ---
2023-06-09 09:58:58,163 P323 INFO Train loss: 0.283499
2023-06-09 09:58:58,163 P323 INFO ************ Epoch=20 end ************
2023-06-09 09:59:07,781 P323 INFO [Metrics] logloss: 0.368506 - AUC: 0.889843
2023-06-09 09:59:07,783 P323 INFO Monitor(max) STOP: 0.889843 !
2023-06-09 09:59:07,784 P323 INFO Reduce learning rate on plateau: 0.000001
2023-06-09 09:59:07,784 P323 INFO Early stopping at epoch=20.98
2023-06-09 09:59:07,784 P323 INFO --- 59/59 batches finished ---
2023-06-09 09:59:07,839 P323 INFO Train loss: 0.265797
2023-06-09 09:59:07,839 P323 INFO Training finished.
2023-06-09 09:59:07,839 P323 INFO Load best model: /workspace/sophon-demo/sample/CTR/checkpoints/ml1m-20230609-095557/DeepFM_ml1m-20230609-095557_model.ckpt
2023-06-09 09:59:07,857 P323 INFO ***** Train/validation/test results *****
2023-06-09 09:59:13,476 P323 INFO [Metrics] logloss: 0.251423 - AUC: 0.933343
2023-06-09 09:59:15,043 P323 INFO [Metrics] logloss: 0.360934 - AUC: 0.890806
2023-06-09 09:59:16,604 P323 INFO [Metrics] logloss: 0.360934 - AUC: 0.890806
2023-06-09 11:41:01,082 P7195 INFO Start the demo...
2023-06-09 11:41:01,083 P7195 INFO {
    "model_id": "DeepFM",
    "dataset_id": "ml1m-20230609-095557",
    "train_data": "../data/Movielens1M/Movielens1M_x0/train.csv",
    "valid_data": "../data/Movielens1M/Movielens1M_x0/test.csv",
    "test_data": "../data/Movielens1M/Movielens1M_x0/test.csv",
    "model_dir": "../checkpoints/",
    "embedding_dim": "64",
    "embedding_regularizer": "0.01",
    "kernel_regularizer": "0",
    "hidden_units": "[500, 500, 500, 500]",
    "hidden_activations": "relu",
    "learning_rate": "0.001",
    "dropout_rates": "0",
    "batch_norm": "False",
    "optimizer": "adam",
    "task": "classification",
    "loss": "binary_crossentropy",
    "metrics": "['logloss', 'AUC']",
    "min_categr_count": "10",
    "batch_size": "10000",
    "epochs": "50",
    "shuffle": "True",
    "seed": "2019",
    "monitor": "AUC",
    "monitor_mode": "max",
    "use_hdf5": "True",
    "patience": "2",
    "workers": "1",
    "verbose": "0",
    "version": "pytorch",
    "gpu": "0"
}
2023-06-09 11:41:01,083 P7195 INFO Set up feature encoder...
2023-06-09 11:41:01,083 P7195 INFO Reading file: ../data/Movielens1M/Movielens1M_x0/train.csv
2023-06-09 11:41:01,445 P7195 INFO Preprocess feature columns...
2023-06-09 11:41:01,594 P7195 INFO Fit feature encoder...
2023-06-09 11:41:01,908 P7195 INFO Setting feature index.
2023-06-09 11:41:01,908 P7195 INFO Set feature encoder done.
2023-06-09 11:43:10,516 P7292 INFO Start the demo...
2023-06-09 11:43:10,516 P7292 INFO {
    "model_id": "DeepFM",
    "dataset_id": "ml1m-20230609-095557",
    "train_data": "../data/Movielens1M/Movielens1M_x0/train.csv",
    "valid_data": "../data/Movielens1M/Movielens1M_x0/test.csv",
    "test_data": "../data/Movielens1M/Movielens1M_x0/test.csv",
    "model_dir": "../checkpoints/",
    "embedding_dim": "64",
    "embedding_regularizer": "0.01",
    "kernel_regularizer": "0",
    "hidden_units": "[500, 500, 500, 500]",
    "hidden_activations": "relu",
    "learning_rate": "0.001",
    "dropout_rates": "0",
    "batch_norm": "False",
    "optimizer": "adam",
    "task": "classification",
    "loss": "binary_crossentropy",
    "metrics": "['logloss', 'AUC']",
    "min_categr_count": "10",
    "batch_size": "10000",
    "epochs": "50",
    "shuffle": "True",
    "seed": "2019",
    "monitor": "AUC",
    "monitor_mode": "max",
    "use_hdf5": "True",
    "patience": "2",
    "workers": "1",
    "verbose": "0",
    "version": "pytorch",
    "gpu": "0"
}
2023-06-09 11:43:10,517 P7292 INFO Set up feature encoder...
2023-06-09 11:43:10,517 P7292 INFO Reading file: ../data/Movielens1M/Movielens1M_x0/train.csv
2023-06-09 11:43:10,878 P7292 INFO Preprocess feature columns...
2023-06-09 11:43:11,026 P7292 INFO Fit feature encoder...
2023-06-09 11:43:11,331 P7292 INFO Setting feature index.
2023-06-09 11:43:11,332 P7292 INFO Set feature encoder done.
2023-06-09 11:44:58,600 P7389 INFO Start the demo...
2023-06-09 11:44:58,600 P7389 INFO {
    "model_id": "DeepFM",
    "dataset_id": "ml1m-20230609-095557",
    "train_data": "../data/Movielens1M/Movielens1M_x0/train.csv",
    "valid_data": "../data/Movielens1M/Movielens1M_x0/test.csv",
    "test_data": "../data/Movielens1M/Movielens1M_x0/test.csv",
    "model_dir": "../checkpoints/",
    "embedding_dim": "64",
    "embedding_regularizer": "0.01",
    "kernel_regularizer": "0",
    "hidden_units": "[500, 500, 500, 500]",
    "hidden_activations": "relu",
    "learning_rate": "0.001",
    "dropout_rates": "0",
    "batch_norm": "False",
    "optimizer": "adam",
    "task": "classification",
    "loss": "binary_crossentropy",
    "metrics": "['logloss', 'AUC']",
    "min_categr_count": "10",
    "batch_size": "10000",
    "epochs": "50",
    "shuffle": "True",
    "seed": "2019",
    "monitor": "AUC",
    "monitor_mode": "max",
    "use_hdf5": "True",
    "patience": "2",
    "workers": "1",
    "verbose": "0",
    "version": "pytorch",
    "gpu": "0"
}
2023-06-09 11:44:58,601 P7389 INFO Set up feature encoder...
2023-06-09 11:44:58,601 P7389 INFO Reading file: ../data/Movielens1M/Movielens1M_x0/train.csv
2023-06-09 11:44:58,953 P7389 INFO Preprocess feature columns...
2023-06-09 11:44:59,102 P7389 INFO Fit feature encoder...
2023-06-09 11:44:59,407 P7389 INFO Setting feature index.
2023-06-09 11:44:59,407 P7389 INFO Set feature encoder done.
2023-06-09 11:45:07,600 P7486 INFO Start the demo...
2023-06-09 11:45:07,600 P7486 INFO {
    "model_id": "DeepFM",
    "dataset_id": "ml1m-20230609-095557",
    "train_data": "../data/Movielens1M/Movielens1M_x0/train.csv",
    "valid_data": "../data/Movielens1M/Movielens1M_x0/test.csv",
    "test_data": "../data/Movielens1M/Movielens1M_x0/test.csv",
    "model_dir": "../checkpoints/",
    "embedding_dim": "64",
    "embedding_regularizer": "0.01",
    "kernel_regularizer": "0",
    "hidden_units": "[500, 500, 500, 500]",
    "hidden_activations": "relu",
    "learning_rate": "0.001",
    "dropout_rates": "0",
    "batch_norm": "False",
    "optimizer": "adam",
    "task": "classification",
    "loss": "binary_crossentropy",
    "metrics": "['logloss', 'AUC']",
    "min_categr_count": "10",
    "batch_size": "10000",
    "epochs": "50",
    "shuffle": "True",
    "seed": "2019",
    "monitor": "AUC",
    "monitor_mode": "max",
    "use_hdf5": "True",
    "patience": "2",
    "workers": "1",
    "verbose": "0",
    "version": "pytorch",
    "gpu": "0"
}
2023-06-09 11:45:07,601 P7486 INFO Set up feature encoder...
2023-06-09 11:45:07,601 P7486 INFO Reading file: ../data/Movielens1M/Movielens1M_x0/train.csv
2023-06-09 11:45:07,952 P7486 INFO Preprocess feature columns...
2023-06-09 11:45:08,100 P7486 INFO Fit feature encoder...
2023-06-09 11:45:08,402 P7486 INFO Setting feature index.
2023-06-09 11:45:08,402 P7486 INFO Set feature encoder done.
2023-06-09 11:55:13,879 P7583 INFO Start the demo...
2023-06-09 11:55:13,879 P7583 INFO {
    "model_id": "DeepFM",
    "dataset_id": "ml1m-20230609-095557",
    "train_data": "../data/Movielens1M/Movielens1M_x0/train.csv",
    "valid_data": "../data/Movielens1M/Movielens1M_x0/test.csv",
    "test_data": "../data/Movielens1M/Movielens1M_x0/test.csv",
    "model_dir": "../checkpoints/",
    "embedding_dim": "64",
    "embedding_regularizer": "0.01",
    "kernel_regularizer": "0",
    "hidden_units": "[500, 500, 500, 500]",
    "hidden_activations": "relu",
    "learning_rate": "0.001",
    "dropout_rates": "0",
    "batch_norm": "False",
    "optimizer": "adam",
    "task": "classification",
    "loss": "binary_crossentropy",
    "metrics": "['logloss', 'AUC']",
    "min_categr_count": "10",
    "batch_size": "10000",
    "epochs": "50",
    "shuffle": "True",
    "seed": "2019",
    "monitor": "AUC",
    "monitor_mode": "max",
    "use_hdf5": "True",
    "patience": "2",
    "workers": "1",
    "verbose": "0",
    "version": "pytorch",
    "gpu": "0"
}
2023-06-09 11:55:13,879 P7583 INFO Set up feature encoder...
2023-06-09 11:55:13,880 P7583 INFO Reading file: ../data/Movielens1M/Movielens1M_x0/train.csv
2023-06-09 11:55:14,235 P7583 INFO Preprocess feature columns...
2023-06-09 11:55:14,383 P7583 INFO Fit feature encoder...
2023-06-09 11:55:14,687 P7583 INFO Setting feature index.
2023-06-09 11:55:14,687 P7583 INFO Set feature encoder done.
2023-06-09 11:55:39,289 P7680 INFO Start the demo...
2023-06-09 11:55:39,289 P7680 INFO {
    "model_id": "DeepFM",
    "dataset_id": "ml1m-20230609-095557",
    "train_data": "../data/Movielens1M/Movielens1M_x0/train.csv",
    "valid_data": "../data/Movielens1M/Movielens1M_x0/test.csv",
    "test_data": "../data/Movielens1M/Movielens1M_x0/test.csv",
    "model_dir": "../checkpoints/",
    "embedding_dim": "64",
    "embedding_regularizer": "0.01",
    "kernel_regularizer": "0",
    "hidden_units": "[500, 500, 500, 500]",
    "hidden_activations": "relu",
    "learning_rate": "0.001",
    "dropout_rates": "0",
    "batch_norm": "False",
    "optimizer": "adam",
    "task": "classification",
    "loss": "binary_crossentropy",
    "metrics": "['logloss', 'AUC']",
    "min_categr_count": "10",
    "batch_size": "10000",
    "epochs": "50",
    "shuffle": "True",
    "seed": "2019",
    "monitor": "AUC",
    "monitor_mode": "max",
    "use_hdf5": "True",
    "patience": "2",
    "workers": "1",
    "verbose": "0",
    "version": "pytorch",
    "gpu": "0"
}
2023-06-09 11:55:39,289 P7680 INFO Set up feature encoder...
2023-06-09 11:55:39,289 P7680 INFO Reading file: ../data/Movielens1M/Movielens1M_x0/train.csv
2023-06-09 11:55:39,646 P7680 INFO Preprocess feature columns...
2023-06-09 11:55:39,795 P7680 INFO Fit feature encoder...
2023-06-09 11:55:40,096 P7680 INFO Setting feature index.
2023-06-09 11:55:40,096 P7680 INFO Set feature encoder done.
2023-06-09 14:13:16,152 P7777 INFO Start the demo...
2023-06-09 14:13:16,152 P7777 INFO {
    "model_id": "DeepFM",
    "dataset_id": "ml1m-20230609-095557",
    "train_data": "../data/Movielens1M/Movielens1M_x0/train.csv",
    "valid_data": "../data/Movielens1M/Movielens1M_x0/test.csv",
    "test_data": "../data/Movielens1M/Movielens1M_x0/test.csv",
    "model_dir": "../checkpoints/",
    "embedding_dim": "64",
    "embedding_regularizer": "0.01",
    "kernel_regularizer": "0",
    "hidden_units": "[500, 500, 500, 500]",
    "hidden_activations": "relu",
    "learning_rate": "0.001",
    "dropout_rates": "0",
    "batch_norm": "False",
    "optimizer": "adam",
    "task": "classification",
    "loss": "binary_crossentropy",
    "metrics": "['logloss', 'AUC']",
    "min_categr_count": "10",
    "batch_size": "10000",
    "epochs": "50",
    "shuffle": "True",
    "seed": "2019",
    "monitor": "AUC",
    "monitor_mode": "max",
    "use_hdf5": "True",
    "patience": "2",
    "workers": "1",
    "verbose": "0",
    "version": "pytorch",
    "gpu": "0"
}
2023-06-09 14:13:16,152 P7777 INFO Set up feature encoder...
2023-06-09 14:13:16,153 P7777 INFO Reading file: ../data/Movielens1M/Movielens1M_x0/train.csv
2023-06-09 14:13:16,505 P7777 INFO Preprocess feature columns...
2023-06-09 14:13:16,651 P7777 INFO Fit feature encoder...
2023-06-09 14:13:16,954 P7777 INFO Setting feature index.
2023-06-09 14:13:16,954 P7777 INFO Set feature encoder done.
2023-06-09 14:14:06,208 P7874 INFO Start the demo...
2023-06-09 14:14:06,208 P7874 INFO {
    "model_id": "DeepFM",
    "dataset_id": "ml1m-20230609-095557",
    "train_data": "../data/Movielens1M/Movielens1M_x0/train.csv",
    "valid_data": "../data/Movielens1M/Movielens1M_x0/test.csv",
    "test_data": "../data/Movielens1M/Movielens1M_x0/test.csv",
    "model_dir": "../checkpoints/",
    "embedding_dim": "64",
    "embedding_regularizer": "0.01",
    "kernel_regularizer": "0",
    "hidden_units": "[500, 500, 500, 500]",
    "hidden_activations": "relu",
    "learning_rate": "0.001",
    "dropout_rates": "0",
    "batch_norm": "False",
    "optimizer": "adam",
    "task": "classification",
    "loss": "binary_crossentropy",
    "metrics": "['logloss', 'AUC']",
    "min_categr_count": "10",
    "batch_size": "10000",
    "epochs": "50",
    "shuffle": "True",
    "seed": "2019",
    "monitor": "AUC",
    "monitor_mode": "max",
    "use_hdf5": "True",
    "patience": "2",
    "workers": "1",
    "verbose": "0",
    "version": "pytorch",
    "gpu": "0"
}
2023-06-09 14:14:06,209 P7874 INFO Set up feature encoder...
2023-06-09 14:14:06,209 P7874 INFO Reading file: ../data/Movielens1M/Movielens1M_x0/train.csv
2023-06-09 14:14:06,561 P7874 INFO Preprocess feature columns...
2023-06-09 14:14:06,709 P7874 INFO Fit feature encoder...
2023-06-09 14:14:07,014 P7874 INFO Setting feature index.
2023-06-09 14:14:07,014 P7874 INFO Set feature encoder done.
2023-06-09 14:23:27,261 P7971 INFO Start the demo...
2023-06-09 14:23:27,261 P7971 INFO {
    "model_id": "DeepFM",
    "dataset_id": "ml1m-20230609-095557",
    "train_data": "../data/Movielens1M/Movielens1M_x0/train.csv",
    "valid_data": "../data/Movielens1M/Movielens1M_x0/test.csv",
    "test_data": "../data/Movielens1M/Movielens1M_x0/test.csv",
    "model_dir": "../checkpoints/",
    "embedding_dim": "64",
    "embedding_regularizer": "0.01",
    "kernel_regularizer": "0",
    "hidden_units": "[500, 500, 500, 500]",
    "hidden_activations": "relu",
    "learning_rate": "0.001",
    "dropout_rates": "0",
    "batch_norm": "False",
    "optimizer": "adam",
    "task": "classification",
    "loss": "binary_crossentropy",
    "metrics": "['logloss', 'AUC']",
    "min_categr_count": "10",
    "batch_size": "10000",
    "epochs": "50",
    "shuffle": "True",
    "seed": "2019",
    "monitor": "AUC",
    "monitor_mode": "max",
    "use_hdf5": "True",
    "patience": "2",
    "workers": "1",
    "verbose": "0",
    "version": "pytorch",
    "gpu": "0"
}
2023-06-09 14:23:27,262 P7971 INFO Set up feature encoder...
2023-06-09 14:23:27,262 P7971 INFO Reading file: ../data/Movielens1M/Movielens1M_x0/train.csv
2023-06-09 14:23:27,616 P7971 INFO Preprocess feature columns...
2023-06-09 14:23:27,763 P7971 INFO Fit feature encoder...
2023-06-09 14:23:28,061 P7971 INFO Setting feature index.
2023-06-09 14:23:28,062 P7971 INFO Set feature encoder done.
2023-06-09 16:12:02,137 P9684 INFO Start the demo...
2023-06-09 16:12:02,137 P9684 INFO {
    "model_id": "DeepFM",
    "dataset_id": "ml1m-20230609-095557",
    "train_data": "../data/Movielens1M/Movielens1M_x0/train.csv",
    "valid_data": "../data/Movielens1M/Movielens1M_x0/test.csv",
    "test_data": "../data/Movielens1M/Movielens1M_x0/test.csv",
    "model_dir": "../checkpoints/",
    "embedding_dim": "64",
    "embedding_regularizer": "0.01",
    "kernel_regularizer": "0",
    "hidden_units": "[500, 500, 500, 500]",
    "hidden_activations": "relu",
    "learning_rate": "0.001",
    "dropout_rates": "0",
    "batch_norm": "False",
    "optimizer": "adam",
    "task": "classification",
    "loss": "binary_crossentropy",
    "metrics": "['logloss', 'AUC']",
    "min_categr_count": "10",
    "batch_size": "10000",
    "epochs": "50",
    "shuffle": "True",
    "seed": "2019",
    "monitor": "AUC",
    "monitor_mode": "max",
    "use_hdf5": "True",
    "patience": "2",
    "workers": "1",
    "verbose": "0",
    "version": "pytorch",
    "gpu": "0"
}
2023-06-09 16:12:02,138 P9684 INFO Set up feature encoder...
2023-06-09 16:12:02,138 P9684 INFO Reading file: ../data/Movielens1M/Movielens1M_x0/train.csv
2023-06-09 16:12:02,494 P9684 INFO Preprocess feature columns...
2023-06-09 16:12:02,642 P9684 INFO Fit feature encoder...
2023-06-09 16:12:02,927 P9684 INFO Setting feature index.
2023-06-09 16:12:02,927 P9684 INFO Set feature encoder done.
2023-06-09 16:12:02,935 P9684 INFO Loading data...
2023-06-09 16:12:02,936 P9684 INFO Loading data from ../checkpoints/ml1m-20230609-095557/train.hdf5
2023-06-09 16:12:02,947 P9684 INFO Loading data from ../checkpoints/ml1m-20230609-095557/test.hdf5
2023-06-09 16:12:02,955 P9684 INFO Train samples: total/589667 pos/466606 neg/123061 ratio/79.13%
2023-06-09 16:12:02,957 P9684 INFO Validation samples: total/147386 pos/107650 neg/39736 ratio/73.04%
2023-06-09 16:12:02,957 P9684 INFO Loading data from ../checkpoints/ml1m-20230609-095557/test.hdf5
2023-06-09 16:12:02,961 P9684 INFO Test samples: total/147386 pos/107650 neg/39736 ratio/73.04%
2023-06-09 16:12:02,961 P9684 INFO Loading data done.
2023-06-09 16:13:56,051 P9781 INFO Start the demo...
2023-06-09 16:13:56,052 P9781 INFO {
    "model_id": "DeepFM",
    "dataset_id": "ml1m-20230609-095557",
    "train_data": "../data/Movielens1M/Movielens1M_x0/train.csv",
    "valid_data": "../data/Movielens1M/Movielens1M_x0/test.csv",
    "test_data": "../data/Movielens1M/Movielens1M_x0/test.csv",
    "model_dir": "../checkpoints/",
    "embedding_dim": "64",
    "embedding_regularizer": "0.01",
    "kernel_regularizer": "0",
    "hidden_units": "[500, 500, 500, 500]",
    "hidden_activations": "relu",
    "learning_rate": "0.001",
    "dropout_rates": "0",
    "batch_norm": "False",
    "optimizer": "adam",
    "task": "classification",
    "loss": "binary_crossentropy",
    "metrics": "['logloss', 'AUC']",
    "min_categr_count": "10",
    "batch_size": "10000",
    "epochs": "50",
    "shuffle": "True",
    "seed": "2019",
    "monitor": "AUC",
    "monitor_mode": "max",
    "use_hdf5": "True",
    "patience": "2",
    "workers": "1",
    "verbose": "0",
    "version": "pytorch",
    "gpu": "0"
}
2023-06-09 16:13:56,052 P9781 INFO Set up feature encoder...
2023-06-09 16:13:56,052 P9781 INFO Reading file: ../data/Movielens1M/Movielens1M_x0/train.csv
2023-06-09 16:13:56,413 P9781 INFO Preprocess feature columns...
2023-06-09 16:13:56,562 P9781 INFO Fit feature encoder...
2023-06-09 16:13:56,871 P9781 INFO Setting feature index.
2023-06-09 16:13:56,872 P9781 INFO Set feature encoder done.
2023-06-09 16:13:56,881 P9781 INFO Loading data...
2023-06-09 16:13:56,882 P9781 INFO Loading data from ../checkpoints/ml1m-20230609-095557/train.hdf5
2023-06-09 16:13:56,900 P9781 INFO Loading data from ../checkpoints/ml1m-20230609-095557/test.hdf5
2023-06-09 16:13:56,912 P9781 INFO Train samples: total/589667 pos/466606 neg/123061 ratio/79.13%
2023-06-09 16:13:56,914 P9781 INFO Validation samples: total/147386 pos/107650 neg/39736 ratio/73.04%
2023-06-09 16:13:56,914 P9781 INFO Loading data from ../checkpoints/ml1m-20230609-095557/test.hdf5
2023-06-09 16:13:56,921 P9781 INFO Test samples: total/147386 pos/107650 neg/39736 ratio/73.04%
2023-06-09 16:13:56,921 P9781 INFO Loading data done.
2023-06-09 16:14:25,118 P9878 INFO Start the demo...
2023-06-09 16:14:25,118 P9878 INFO {
    "model_id": "DeepFM",
    "dataset_id": "ml1m-20230609-095557",
    "train_data": "../data/Movielens1M/Movielens1M_x0/train.csv",
    "valid_data": "../data/Movielens1M/Movielens1M_x0/test.csv",
    "test_data": "../data/Movielens1M/Movielens1M_x0/test.csv",
    "model_dir": "../checkpoints/",
    "embedding_dim": "64",
    "embedding_regularizer": "0.01",
    "kernel_regularizer": "0",
    "hidden_units": "[500, 500, 500, 500]",
    "hidden_activations": "relu",
    "learning_rate": "0.001",
    "dropout_rates": "0",
    "batch_norm": "False",
    "optimizer": "adam",
    "task": "classification",
    "loss": "binary_crossentropy",
    "metrics": "['logloss', 'AUC']",
    "min_categr_count": "10",
    "batch_size": "10000",
    "epochs": "50",
    "shuffle": "True",
    "seed": "2019",
    "monitor": "AUC",
    "monitor_mode": "max",
    "use_hdf5": "True",
    "patience": "2",
    "workers": "1",
    "verbose": "0",
    "version": "pytorch",
    "gpu": "0"
}
2023-06-09 16:14:25,118 P9878 INFO Set up feature encoder...
2023-06-09 16:14:25,118 P9878 INFO Reading file: ../data/Movielens1M/Movielens1M_x0/train.csv
2023-06-09 16:14:25,474 P9878 INFO Preprocess feature columns...
2023-06-09 16:14:25,627 P9878 INFO Fit feature encoder...
2023-06-09 16:14:25,929 P9878 INFO Setting feature index.
2023-06-09 16:14:25,929 P9878 INFO Set feature encoder done.
2023-06-09 16:14:25,938 P9878 INFO Loading data...
2023-06-09 16:14:25,939 P9878 INFO Loading data from ../checkpoints/ml1m-20230609-095557/train.hdf5
2023-06-09 16:14:25,957 P9878 INFO Loading data from ../checkpoints/ml1m-20230609-095557/test.hdf5
2023-06-09 16:14:25,971 P9878 INFO Train samples: total/589667 pos/466606 neg/123061 ratio/79.13%
2023-06-09 16:14:25,974 P9878 INFO Validation samples: total/147386 pos/107650 neg/39736 ratio/73.04%
2023-06-09 16:14:25,974 P9878 INFO Loading data from ../checkpoints/ml1m-20230609-095557/test.hdf5
2023-06-09 16:14:25,982 P9878 INFO Test samples: total/147386 pos/107650 neg/39736 ratio/73.04%
2023-06-09 16:14:25,982 P9878 INFO Loading data done.
2023-06-09 16:15:23,299 P10042 INFO Start the demo...
2023-06-09 16:15:23,299 P10042 INFO {
    "model_id": "DeepFM",
    "dataset_id": "ml1m-20230609-095557",
    "train_data": "../data/Movielens1M/Movielens1M_x0/train.csv",
    "valid_data": "../data/Movielens1M/Movielens1M_x0/test.csv",
    "test_data": "../data/Movielens1M/Movielens1M_x0/test.csv",
    "model_dir": "../checkpoints/",
    "embedding_dim": "64",
    "embedding_regularizer": "0.01",
    "kernel_regularizer": "0",
    "hidden_units": "[500, 500, 500, 500]",
    "hidden_activations": "relu",
    "learning_rate": "0.001",
    "dropout_rates": "0",
    "batch_norm": "False",
    "optimizer": "adam",
    "task": "classification",
    "loss": "binary_crossentropy",
    "metrics": "['logloss', 'AUC']",
    "min_categr_count": "10",
    "batch_size": "10000",
    "epochs": "50",
    "shuffle": "True",
    "seed": "2019",
    "monitor": "AUC",
    "monitor_mode": "max",
    "use_hdf5": "True",
    "patience": "2",
    "workers": "1",
    "verbose": "0",
    "version": "pytorch",
    "gpu": "0"
}
2023-06-09 16:15:23,300 P10042 INFO Set up feature encoder...
2023-06-09 16:15:23,300 P10042 INFO Reading file: ../data/Movielens1M/Movielens1M_x0/train.csv
2023-06-09 16:15:23,657 P10042 INFO Preprocess feature columns...
2023-06-09 16:15:23,806 P10042 INFO Fit feature encoder...
2023-06-09 16:15:24,117 P10042 INFO Setting feature index.
2023-06-09 16:15:24,118 P10042 INFO Set feature encoder done.
2023-06-09 16:15:24,127 P10042 INFO Loading data...
2023-06-09 16:15:24,128 P10042 INFO Loading data from ../checkpoints/ml1m-20230609-095557/train.hdf5
2023-06-09 16:15:24,143 P10042 INFO Loading data from ../checkpoints/ml1m-20230609-095557/test.hdf5
2023-06-09 16:15:24,158 P10042 INFO Train samples: total/589667 pos/466606 neg/123061 ratio/79.13%
2023-06-09 16:15:24,160 P10042 INFO Validation samples: total/147386 pos/107650 neg/39736 ratio/73.04%
2023-06-09 16:15:24,160 P10042 INFO Loading data from ../checkpoints/ml1m-20230609-095557/test.hdf5
2023-06-09 16:15:24,167 P10042 INFO Test samples: total/147386 pos/107650 neg/39736 ratio/73.04%
2023-06-09 16:15:24,167 P10042 INFO Loading data done.
2023-06-09 16:18:12,615 P10206 INFO Start the demo...
2023-06-09 16:18:12,615 P10206 INFO {
    "model_id": "DeepFM",
    "dataset_id": "ml1m-20230609-095557",
    "train_data": "../data/Movielens1M/Movielens1M_x0/train.csv",
    "valid_data": "../data/Movielens1M/Movielens1M_x0/test.csv",
    "test_data": "../data/Movielens1M/Movielens1M_x0/test.csv",
    "model_dir": "../checkpoints/",
    "embedding_dim": "64",
    "embedding_regularizer": "0.01",
    "kernel_regularizer": "0",
    "hidden_units": "[500, 500, 500, 500]",
    "hidden_activations": "relu",
    "learning_rate": "0.001",
    "dropout_rates": "0",
    "batch_norm": "False",
    "optimizer": "adam",
    "task": "classification",
    "loss": "binary_crossentropy",
    "metrics": "['logloss', 'AUC']",
    "min_categr_count": "10",
    "batch_size": "10000",
    "epochs": "50",
    "shuffle": "True",
    "seed": "2019",
    "monitor": "AUC",
    "monitor_mode": "max",
    "use_hdf5": "True",
    "patience": "2",
    "workers": "1",
    "verbose": "0",
    "version": "pytorch",
    "gpu": "0"
}
2023-06-09 16:18:12,616 P10206 INFO Set up feature encoder...
2023-06-09 16:18:12,616 P10206 INFO Reading file: ../data/Movielens1M/Movielens1M_x0/train.csv
2023-06-09 16:18:12,973 P10206 INFO Preprocess feature columns...
2023-06-09 16:18:13,119 P10206 INFO Fit feature encoder...
2023-06-09 16:18:13,424 P10206 INFO Setting feature index.
2023-06-09 16:18:13,425 P10206 INFO Set feature encoder done.
2023-06-09 16:18:13,434 P10206 INFO Loading data...
2023-06-09 16:18:13,435 P10206 INFO Loading data from ../checkpoints/ml1m-20230609-095557/train.hdf5
2023-06-09 16:18:13,450 P10206 INFO Loading data from ../checkpoints/ml1m-20230609-095557/test.hdf5
2023-06-09 16:18:13,464 P10206 INFO Train samples: total/589667 pos/466606 neg/123061 ratio/79.13%
2023-06-09 16:18:13,466 P10206 INFO Validation samples: total/147386 pos/107650 neg/39736 ratio/73.04%
2023-06-09 16:18:13,466 P10206 INFO Loading data from ../checkpoints/ml1m-20230609-095557/test.hdf5
2023-06-09 16:18:13,473 P10206 INFO Test samples: total/147386 pos/107650 neg/39736 ratio/73.04%
2023-06-09 16:18:13,473 P10206 INFO Loading data done.
2023-06-09 16:18:39,504 P10370 INFO Start the demo...
2023-06-09 16:18:39,504 P10370 INFO {
    "model_id": "DeepFM",
    "dataset_id": "ml1m-20230609-095557",
    "train_data": "../data/Movielens1M/Movielens1M_x0/train.csv",
    "valid_data": "../data/Movielens1M/Movielens1M_x0/test.csv",
    "test_data": "../data/Movielens1M/Movielens1M_x0/test.csv",
    "model_dir": "../checkpoints/",
    "embedding_dim": "64",
    "embedding_regularizer": "0.01",
    "kernel_regularizer": "0",
    "hidden_units": "[500, 500, 500, 500]",
    "hidden_activations": "relu",
    "learning_rate": "0.001",
    "dropout_rates": "0",
    "batch_norm": "False",
    "optimizer": "adam",
    "task": "classification",
    "loss": "binary_crossentropy",
    "metrics": "['logloss', 'AUC']",
    "min_categr_count": "10",
    "batch_size": "10000",
    "epochs": "50",
    "shuffle": "True",
    "seed": "2019",
    "monitor": "AUC",
    "monitor_mode": "max",
    "use_hdf5": "True",
    "patience": "2",
    "workers": "1",
    "verbose": "0",
    "version": "pytorch",
    "gpu": "0"
}
2023-06-09 16:18:39,504 P10370 INFO Set up feature encoder...
2023-06-09 16:18:39,504 P10370 INFO Reading file: ../data/Movielens1M/Movielens1M_x0/train.csv
2023-06-09 16:18:39,863 P10370 INFO Preprocess feature columns...
2023-06-09 16:18:40,013 P10370 INFO Fit feature encoder...
2023-06-09 16:18:40,325 P10370 INFO Setting feature index.
2023-06-09 16:18:40,325 P10370 INFO Set feature encoder done.
2023-06-09 16:18:40,334 P10370 INFO Loading data...
2023-06-09 16:18:40,334 P10370 INFO Loading data from ../checkpoints/ml1m-20230609-095557/train.hdf5
2023-06-09 16:18:40,351 P10370 INFO Loading data from ../checkpoints/ml1m-20230609-095557/test.hdf5
2023-06-09 16:18:40,363 P10370 INFO Train samples: total/589667 pos/466606 neg/123061 ratio/79.13%
2023-06-09 16:18:40,365 P10370 INFO Validation samples: total/147386 pos/107650 neg/39736 ratio/73.04%
2023-06-09 16:18:40,365 P10370 INFO Loading data from ../checkpoints/ml1m-20230609-095557/test.hdf5
2023-06-09 16:18:40,371 P10370 INFO Test samples: total/147386 pos/107650 neg/39736 ratio/73.04%
2023-06-09 16:18:40,372 P10370 INFO Loading data done.
2023-06-09 16:19:54,139 P10534 INFO Start the demo...
2023-06-09 16:19:54,140 P10534 INFO {
    "model_id": "DeepFM",
    "dataset_id": "ml1m-20230609-095557",
    "train_data": "../data/Movielens1M/Movielens1M_x0/train.csv",
    "valid_data": "../data/Movielens1M/Movielens1M_x0/test.csv",
    "test_data": "../data/Movielens1M/Movielens1M_x0/test.csv",
    "model_dir": "../checkpoints/",
    "embedding_dim": "64",
    "embedding_regularizer": "0.01",
    "kernel_regularizer": "0",
    "hidden_units": "[500, 500, 500, 500]",
    "hidden_activations": "relu",
    "learning_rate": "0.001",
    "dropout_rates": "0",
    "batch_norm": "False",
    "optimizer": "adam",
    "task": "classification",
    "loss": "binary_crossentropy",
    "metrics": "['logloss', 'AUC']",
    "min_categr_count": "10",
    "batch_size": "10000",
    "epochs": "50",
    "shuffle": "True",
    "seed": "2019",
    "monitor": "AUC",
    "monitor_mode": "max",
    "use_hdf5": "True",
    "patience": "2",
    "workers": "1",
    "verbose": "0",
    "version": "pytorch",
    "gpu": "0"
}
2023-06-09 16:19:54,140 P10534 INFO Set up feature encoder...
2023-06-09 16:19:54,140 P10534 INFO Reading file: ../data/Movielens1M/Movielens1M_x0/train.csv
2023-06-09 16:19:54,495 P10534 INFO Preprocess feature columns...
2023-06-09 16:19:54,644 P10534 INFO Fit feature encoder...
2023-06-09 16:19:54,943 P10534 INFO Setting feature index.
2023-06-09 16:19:54,943 P10534 INFO Set feature encoder done.
2023-06-09 16:19:54,954 P10534 INFO Loading data...
2023-06-09 16:19:54,954 P10534 INFO Loading data from ../checkpoints/ml1m-20230609-095557/train.hdf5
2023-06-09 16:19:54,972 P10534 INFO Loading data from ../checkpoints/ml1m-20230609-095557/test.hdf5
2023-06-09 16:19:54,987 P10534 INFO Train samples: total/589667 pos/466606 neg/123061 ratio/79.13%
2023-06-09 16:19:54,989 P10534 INFO Validation samples: total/147386 pos/107650 neg/39736 ratio/73.04%
2023-06-09 16:19:54,989 P10534 INFO Loading data from ../checkpoints/ml1m-20230609-095557/test.hdf5
2023-06-09 16:19:54,997 P10534 INFO Test samples: total/147386 pos/107650 neg/39736 ratio/73.04%
2023-06-09 16:19:54,998 P10534 INFO Loading data done.
2023-06-09 16:23:55,142 P10698 INFO Start the demo...
2023-06-09 16:23:55,142 P10698 INFO {
    "model_id": "DeepFM",
    "dataset_id": "ml1m-20230609-095557",
    "train_data": "../data/Movielens1M/Movielens1M_x0/train.csv",
    "valid_data": "../data/Movielens1M/Movielens1M_x0/test.csv",
    "test_data": "../data/Movielens1M/Movielens1M_x0/test.csv",
    "model_dir": "../checkpoints/",
    "embedding_dim": "64",
    "embedding_regularizer": "0.01",
    "kernel_regularizer": "0",
    "hidden_units": "[500, 500, 500, 500]",
    "hidden_activations": "relu",
    "learning_rate": "0.001",
    "dropout_rates": "0",
    "batch_norm": "False",
    "optimizer": "adam",
    "task": "classification",
    "loss": "binary_crossentropy",
    "metrics": "['logloss', 'AUC']",
    "min_categr_count": "10",
    "batch_size": "10000",
    "epochs": "50",
    "shuffle": "True",
    "seed": "2019",
    "monitor": "AUC",
    "monitor_mode": "max",
    "use_hdf5": "True",
    "patience": "2",
    "workers": "1",
    "verbose": "0",
    "version": "pytorch",
    "gpu": "0"
}
2023-06-09 16:23:55,143 P10698 INFO Set up feature encoder...
2023-06-09 16:23:55,143 P10698 INFO Reading file: ../data/Movielens1M/Movielens1M_x0/train.csv
2023-06-09 16:23:55,498 P10698 INFO Preprocess feature columns...
2023-06-09 16:23:55,646 P10698 INFO Fit feature encoder...
2023-06-09 16:23:55,956 P10698 INFO Setting feature index.
2023-06-09 16:23:55,956 P10698 INFO Set feature encoder done.
