2023-06-14 11:27:06,456 P33018 INFO Start the demo...
2023-06-14 11:27:06,456 P33018 INFO {
    "model_id": "DeepFM",
    "dataset_id": "ml1m-20230614-112706",
    "train_data": "../data/Movielens1M/Movielens1M_x0/train.csv",
    "valid_data": "../data/Movielens1M/Movielens1M_x0/test.csv",
    "test_data": "../data/Movielens1M/Movielens1M_x0/test.csv",
    "model_dir": "../checkpoints/",
    "embedding_dim": "64",
    "embedding_regularizer": "0.01",
    "kernel_regularizer": "0",
    "hidden_units": "[500, 500, 500, 500]",
    "hidden_activations": "relu",
    "learning_rate": "0.001",
    "dropout_rates": "0",
    "batch_norm": "False",
    "optimizer": "adam",
    "task": "classification",
    "loss": "binary_crossentropy",
    "metrics": "['logloss', 'AUC']",
    "min_categr_count": "10",
    "batch_size": "10000",
    "epochs": "50",
    "shuffle": "True",
    "seed": "2019",
    "monitor": "AUC",
    "monitor_mode": "max",
    "use_hdf5": "True",
    "patience": "2",
    "workers": "1",
    "verbose": "0",
    "version": "pytorch",
    "gpu": "0"
}
2023-06-14 11:27:06,456 P33018 INFO Set up feature encoder...
2023-06-14 11:27:06,456 P33018 INFO Reading file: ../data/Movielens1M/Movielens1M_x0/train.csv
2023-06-14 11:27:06,810 P33018 INFO Preprocess feature columns...
2023-06-14 11:27:06,956 P33018 INFO Fit feature encoder...
2023-06-14 11:27:07,247 P33018 INFO Setting feature index.
2023-06-14 11:27:07,247 P33018 INFO Set feature encoder done.
2023-06-14 11:27:07,249 P33018 INFO Pickle feature encode to file: ../checkpoints/ml1m-20230614-112706/feature_encoder.pkl
2023-06-14 11:27:07,256 P33018 INFO Loading data...
2023-06-14 11:27:07,257 P33018 INFO Reading file: ../data/Movielens1M/Movielens1M_x0/train.csv
2023-06-14 11:27:07,592 P33018 INFO Preprocess feature columns...
2023-06-14 11:27:07,722 P33018 INFO Transform feature encoder...
2023-06-14 11:27:08,189 P33018 INFO Saving data to ../checkpoints/ml1m-20230614-112706/train.hdf5
2023-06-14 11:27:08,220 P33018 INFO Reading file: ../data/Movielens1M/Movielens1M_x0/test.csv
2023-06-14 11:27:08,306 P33018 INFO Preprocess feature columns...
2023-06-14 11:27:08,340 P33018 INFO Transform feature encoder...
2023-06-14 11:27:08,455 P33018 INFO Saving data to ../checkpoints/ml1m-20230614-112706/test.hdf5
2023-06-14 11:27:08,474 P33018 INFO Train samples: total/589667 pos/466606 neg/123061 ratio/79.13%
2023-06-14 11:27:08,476 P33018 INFO Validation samples: total/147386 pos/107650 neg/39736 ratio/73.04%
2023-06-14 11:27:08,476 P33018 INFO Loading data from ../checkpoints/ml1m-20230614-112706/test.hdf5
2023-06-14 11:27:08,482 P33018 INFO Test samples: total/147386 pos/107650 neg/39736 ratio/73.04%
2023-06-14 11:27:08,482 P33018 INFO Loading data done.
2023-06-14 11:27:08,532 P33018 INFO **** Start training: 59 batches/epoch ****
