2023-06-14 15:28:34,811 P19193 INFO Start the demo...
2023-06-14 15:28:34,812 P19193 INFO {
    "model_id": "FM_demo",
    "dataset_id": "ml1m-20230614-152834",
    "train_data": "../data/Movielens1M/Movielens1M_x0/train.csv",
    "valid_data": "../data/Movielens1M/Movielens1M_x0/test.csv",
    "test_data": "../data/Movielens1M/Movielens1M_x0/test.csv",
    "model_dir": "../checkpoints/",
    "embedding_dim": "64",
    "embedding_regularizer": "0.01",
    "kernel_regularizer": "0",
    "hidden_units": "[500, 500, 500, 500]",
    "hidden_activations": "relu",
    "learning_rate": "0.001",
    "dropout_rates": "0",
    "batch_norm": "False",
    "optimizer": "adam",
    "task": "classification",
    "loss": "binary_crossentropy",
    "metrics": "['logloss', 'AUC']",
    "min_categr_count": "10",
    "batch_size": "10000",
    "epochs": "50",
    "shuffle": "True",
    "seed": "2019",
    "monitor": "AUC",
    "monitor_mode": "max",
    "use_hdf5": "True",
    "patience": "2",
    "workers": "1",
    "verbose": "0",
    "version": "pytorch",
    "gpu": "0"
}
2023-06-14 15:28:34,812 P19193 INFO Set up feature encoder...
2023-06-14 15:28:34,812 P19193 INFO Reading file: ../data/Movielens1M/Movielens1M_x0/train.csv
2023-06-14 15:28:35,172 P19193 INFO Preprocess feature columns...
2023-06-14 15:28:35,320 P19193 INFO Fit feature encoder...
2023-06-14 15:28:35,622 P19193 INFO Setting feature index.
2023-06-14 15:28:35,623 P19193 INFO Set feature encoder done.
2023-06-14 15:28:35,625 P19193 INFO Pickle feature encode to file: ../checkpoints/ml1m-20230614-152834/feature_encoder.pkl
2023-06-14 15:28:35,632 P19193 INFO Loading data...
2023-06-14 15:28:35,633 P19193 INFO Reading file: ../data/Movielens1M/Movielens1M_x0/train.csv
2023-06-14 15:28:35,972 P19193 INFO Preprocess feature columns...
2023-06-14 15:28:36,102 P19193 INFO Transform feature encoder...
2023-06-14 15:28:36,567 P19193 INFO Saving data to ../checkpoints/ml1m-20230614-152834/train.hdf5
2023-06-14 15:28:36,599 P19193 INFO Reading file: ../data/Movielens1M/Movielens1M_x0/test.csv
2023-06-14 15:28:36,686 P19193 INFO Preprocess feature columns...
2023-06-14 15:28:36,717 P19193 INFO Transform feature encoder...
2023-06-14 15:28:36,810 P19193 INFO Saving data to ../checkpoints/ml1m-20230614-152834/test.hdf5
2023-06-14 15:28:36,823 P19193 INFO Train samples: total/589667 pos/466606 neg/123061 ratio/79.13%
2023-06-14 15:28:36,824 P19193 INFO Validation samples: total/147386 pos/107650 neg/39736 ratio/73.04%
2023-06-14 15:28:36,824 P19193 INFO Loading data from ../checkpoints/ml1m-20230614-152834/test.hdf5
2023-06-14 15:28:36,827 P19193 INFO Test samples: total/147386 pos/107650 neg/39736 ratio/73.04%
2023-06-14 15:28:36,827 P19193 INFO Loading data done.
2023-06-14 15:28:36,860 P19193 INFO **** Start training: 59 batches/epoch ****
2023-06-14 15:28:41,425 P19193 INFO [Metrics] logloss: 0.572685 - AUC: 0.698307
2023-06-14 15:28:41,427 P19193 INFO Save best model: monitor(max): 0.698307
2023-06-14 15:28:41,431 P19193 INFO --- 59/59 batches finished ---
2023-06-14 15:28:41,487 P19193 INFO Train loss: 0.621594
2023-06-14 15:28:41,487 P19193 INFO ************ Epoch=1 end ************
2023-06-14 15:28:41,487 P19193 INFO Training finished.
2023-06-14 15:28:41,487 P19193 INFO Load best model: /workspace/sophon-demo/sample/CTR/checkpoints/ml1m-20230614-152834/FM_demo_ml1m-20230614-152834_model.ckpt
2023-06-14 15:28:41,490 P19193 INFO ***** Train/validation/test results *****
2023-06-14 15:28:45,664 P19193 INFO [Metrics] logloss: 0.512820 - AUC: 0.721179
2023-06-14 15:28:46,947 P19193 INFO [Metrics] logloss: 0.572685 - AUC: 0.698307
2023-06-14 15:28:48,281 P19193 INFO [Metrics] logloss: 0.572685 - AUC: 0.698307
2023-06-14 15:53:23,525 P42699 INFO Start the demo...
2023-06-14 15:53:23,525 P42699 INFO {
    "model_id": "FM_demo",
    "dataset_id": "ml1m-20230614-152834",
    "train_data": "../data/Movielens1M/Movielens1M_x0/train.csv",
    "valid_data": "../data/Movielens1M/Movielens1M_x0/test.csv",
    "test_data": "../data/Movielens1M/Movielens1M_x0/test.csv",
    "model_dir": "../checkpoints/",
    "embedding_dim": "64",
    "embedding_regularizer": "0.01",
    "kernel_regularizer": "0",
    "hidden_units": "[500, 500, 500, 500]",
    "hidden_activations": "relu",
    "learning_rate": "0.001",
    "dropout_rates": "0",
    "batch_norm": "False",
    "optimizer": "adam",
    "task": "classification",
    "loss": "binary_crossentropy",
    "metrics": "['logloss', 'AUC']",
    "min_categr_count": "10",
    "batch_size": "10000",
    "epochs": "50",
    "shuffle": "True",
    "seed": "2019",
    "monitor": "AUC",
    "monitor_mode": "max",
    "use_hdf5": "True",
    "patience": "2",
    "workers": "1",
    "verbose": "0",
    "version": "pytorch",
    "gpu": "0"
}
2023-06-14 15:53:23,526 P42699 INFO Set up feature encoder...
2023-06-14 15:53:23,526 P42699 INFO Reading file: ../data/Movielens1M/Movielens1M_x0/train.csv
2023-06-14 15:53:23,880 P42699 INFO Preprocess feature columns...
2023-06-14 15:53:24,029 P42699 INFO Fit feature encoder...
2023-06-14 15:53:24,335 P42699 INFO Setting feature index.
2023-06-14 15:53:24,336 P42699 INFO Set feature encoder done.
2023-06-14 15:57:23,273 P42796 INFO Start the demo...
2023-06-14 15:57:23,274 P42796 INFO {
    "model_id": "FM_demo",
    "dataset_id": "ml1m-20230614-152834",
    "train_data": "../data/Movielens1M/Movielens1M_x0/train.csv",
    "valid_data": "../data/Movielens1M/Movielens1M_x0/test.csv",
    "test_data": "../data/Movielens1M/Movielens1M_x0/test.csv",
    "model_dir": "../checkpoints/",
    "embedding_dim": "64",
    "embedding_regularizer": "0.01",
    "kernel_regularizer": "0",
    "hidden_units": "[500, 500, 500, 500]",
    "hidden_activations": "relu",
    "learning_rate": "0.001",
    "dropout_rates": "0",
    "batch_norm": "False",
    "optimizer": "adam",
    "task": "classification",
    "loss": "binary_crossentropy",
    "metrics": "['logloss', 'AUC']",
    "min_categr_count": "10",
    "batch_size": "10000",
    "epochs": "50",
    "shuffle": "True",
    "seed": "2019",
    "monitor": "AUC",
    "monitor_mode": "max",
    "use_hdf5": "True",
    "patience": "2",
    "workers": "1",
    "verbose": "0",
    "version": "pytorch",
    "gpu": "0"
}
2023-06-14 15:57:23,274 P42796 INFO Set up feature encoder...
2023-06-14 15:57:23,274 P42796 INFO Reading file: ../data/Movielens1M/Movielens1M_x0/train.csv
2023-06-14 15:57:23,628 P42796 INFO Preprocess feature columns...
2023-06-14 15:57:23,775 P42796 INFO Fit feature encoder...
2023-06-14 15:57:24,071 P42796 INFO Setting feature index.
2023-06-14 15:57:24,072 P42796 INFO Set feature encoder done.
